Diagnose log at 2024-05-20T01:13:28Z

AppPath: C:\Program Files\Git\mingw64\bin\git-credential-manager.exe
InstallDir: C:\Program Files\Git\mingw64\bin\
Version: 2.3.2

------------
Diagnostic: Environment
Skipped: False
Success: True
Exception: None
Log:
OSType: Windows
OSVersion: 10.0 (build 22631)
Reading environment variables... OK
 Variables:
HOMEPATH=\Users\RYZEN 5
DriverData=C:\Windows\System32\Drivers\DriverData
COMPUTERNAME=DESKTOP-G9V2LS3
GIT_TRACE2_PARENT_SID=8800b313-28a5-446f-8aaa-4f16c276877a
CommonProgramFiles(x86)=C:\Program Files (x86)\Common Files
OneDrive=C:\Users\RYZEN 5\OneDrive
ChocolateyLastPathUpdate=133342984934214499
EnableLog=INFO
SESSIONNAME=Console
LANG=es_ES.UTF-8
TMP=C:\Users\RYZEN5~1\AppData\Local\Temp
PROCESSOR_REVISION=5000
PATHEXT=.COM;.EXE;.BAT;.CMD;.VBS;.VBE;.JS;.JSE;.WSF;.WSH;.MSC;.PY;.PYW;.CPL
VSCODE_INJECTION=1
SystemDrive=C:
GIT_EXEC_PATH=C:/Program Files/Git/mingw64/libexec/git-core
TEMP=C:\Users\RYZEN5~1\AppData\Local\Temp
LOCALAPPDATA=C:\Users\RYZEN 5\AppData\Local
MSYSTEM=MINGW64
TERM=xterm-256color
ProgramW6432=C:\Program Files
USERDOMAIN=DESKTOP-G9V2LS3
Path=C:/Program Files/Git/mingw64/libexec/git-core;C:\Program Files\Git\mingw64\bin;C:\Program Files\Git\usr\bin;C:\Users\RYZEN 5\bin;D:\app\Billys\product\11.2.0\client_1\bin;C:\Python311\Scripts\;C:\Python311\;C:\WINDOWS\system32;C:\WINDOWS;C:\WINDOWS\System32\Wbem;C:\WINDOWS\System32\WindowsPowerShell\v1.0\;C:\WINDOWS\System32\OpenSSH\;c:\Program Files (x86)\Microsoft SQL Server\100\Tools\Binn\;c:\Program Files\Microsoft SQL Server\100\Tools\Binn\;c:\Program Files\Microsoft SQL Server\100\DTS\Binn\;C:\Program Files (x86)\Microsoft SQL Server\160\DTS\Binn\;C:\Program Files\Azure Data Studio\bin;C:\Program Files\Microsoft SQL Server\150\Tools\Binn\;C:\Program Files\Microsoft SQL Server\Client SDK\ODBC\170\Tools\Binn\;C:\ProgramData\chocolatey\bin;C:\Program Files\Git\cmd;C:\flutter\bin;C:\Program Files\nodejs\;C:\Program Files (x86)\NVIDIA Corporation\PhysX\Common;C:\Program Files\dotnet\;C:\Program Files\NVIDIA Corporation\NVIDIA App\NvDLISR;C:\Program Files\Docker\Docker\resources\bin;C:\Users\RYZEN 5\AppData\Local\Microsoft\WindowsApps;C:\Program Files\Azure Data Studio\bin;C:\Users\RYZEN 5\AppData\Local\Programs\Microsoft VS Code\bin;C:\ProgramData\Microsoft\Windows\Start Menu\Programs\Node.js;C:\flutter\bin;C:\Users\RYZEN 5\AppData\Roaming\npm;C:\Users\RYZEN 5\.dotnet\tools;C:\Program Files\Java\jdk-17\bin;
TERM_PROGRAM=vscode
PROCESSOR_LEVEL=25
PROCESSOR_IDENTIFIER=AMD64 Family 25 Model 80 Stepping 0, AuthenticAMD
TMPDIR=C:\Users\RYZEN5~1\AppData\Local\Temp
VSCODE_GIT_ASKPASS_EXTRA_ARGS=
TERM_PROGRAM_VERSION=1.89.1
GIT_ASKPASS=c:\Users\RYZEN 5\AppData\Local\Programs\Microsoft VS Code\resources\app\extensions\git\dist\askpass.sh
ProgramFiles(x86)=C:\Program Files (x86)
PUBLIC=C:\Users\Public
NUMBER_OF_PROCESSORS=12
FPS_BROWSER_USER_PROFILE_STRING=Default
CommonProgramFiles=C:\Program Files (x86)\Common Files
__PSLockDownPolicy=0
VSCODE_GIT_IPC_HANDLE=\\.\pipe\vscode-git-a6b43f4712-sock
CHROME_CRASHPAD_PIPE_NAME=\\.\pipe\crashpad_21484_MBQKIYJDPJWKVTFD
VSCODE_GIT_ASKPASS_MAIN=c:\Users\RYZEN 5\AppData\Local\Programs\Microsoft VS Code\resources\app\extensions\git\dist\askpass-main.js
ProgramFiles=C:\Program Files (x86)
ProgramData=C:\ProgramData
MSYS=disable_pcon
ACSvcPort=17532
ChocolateyInstall=C:\ProgramData\chocolatey
PLINK_PROTOCOL=ssh
VSCODE_GIT_ASKPASS_NODE=C:\Users\RYZEN 5\AppData\Local\Programs\Microsoft VS Code\Code.exe
RlsSvcPort=22112
SystemRoot=C:\WINDOWS
ORIGINAL_XDG_CURRENT_DESKTOP=undefined
HOME=C:\Users\RYZEN 5
CommonProgramW6432=C:\Program Files\Common Files
LOGONSERVER=\\DESKTOP-G9V2LS3
USERPROFILE=C:\Users\RYZEN 5
COLORTERM=truecolor
USERDOMAIN_ROAMINGPROFILE=DESKTOP-G9V2LS3
JAVA=C:\Program Files\Java\jdk-17
APPDATA=C:\Users\RYZEN 5\AppData\Roaming
HOMEDRIVE=C:
EFC_4268=1
PSModulePath=C:\Users\RYZEN 5\Documents\WindowsPowerShell\Modules;C:\Program Files\WindowsPowerShell\Modules;C:\WINDOWS\system32\WindowsPowerShell\v1.0\Modules
VBOX_HWVIRTEX_IGNORE_SVM_IN_USE=1
USERNAME=Billys
PROCESSOR_ARCHITEW6432=AMD64
FPS_BROWSER_APP_PROFILE_STRING=Internet Explorer
PROCESSOR_ARCHITECTURE=x86
OS=Windows_NT
ComSpec=C:\WINDOWS\system32\cmd.exe
ACSetupSvcPort=23210
windir=C:\WINDOWS
OneDriveConsumer=C:\Users\RYZEN 5\OneDrive
ALLUSERSPROFILE=C:\ProgramData


------------
Diagnostic: File system
Skipped: False
Success: True
Exception: None
Log:
Temporary directory is 'C:\Users\RYZEN 5\AppData\Local\Temp\'...
Checking basic file I/O...
Writing to temporary file 'C:\Users\RYZEN 5\AppData\Local\Temp\ac4e48f4a58756e2a448b9ee'... OK
Reading from temporary file 'C:\Users\RYZEN 5\AppData\Local\Temp\ac4e48f4a58756e2a448b9ee'... OK
Deleting temporary file 'C:\Users\RYZEN 5\AppData\Local\Temp\ac4e48f4a58756e2a448b9ee'... OK
Testing IFileSystem instance...
UserHomePath: C:\Users\RYZEN 5
UserDataDirectoryPath: C:\Users\RYZEN 5\.gcm
GetCurrentDirectory(): C:\Users\RYZEN 5\Desktop\pelicula

------------
Diagnostic: Networking
Skipped: False
Success: True
Exception: None
Log:
Checking networking and HTTP stack...
Creating HTTP client... OK
IsNetworkAvailable: True
Sending HEAD request to http://example.com...Sending HEAD request to https://example.com... OK
 OK
Acquiring free TCP port... OK
Testing local HTTP loopback connections...
Creating new HTTP listener for http://localhost:49550/... OK
Waiting for loopback connection... OK
Writing response... OK
Waiting for response data... OK
Loopback connection data OK

------------
Diagnostic: Git
Skipped: False
Success: True
Exception: None
Log:
Getting Git version... OK
Git version is '2.42.0.windows.2'
Locating current repository... OK
Git repository at 'C:/Users/RYZEN 5/Desktop/pelicula/.git'
Listing all Git configuration... OK
Git configuration:
file:C:/Program Files/Git/etc/gitconfig	diff.astextplain.textconv=astextplain
file:C:/Program Files/Git/etc/gitconfig	filter.lfs.clean=git-lfs clean -- %f
file:C:/Program Files/Git/etc/gitconfig	filter.lfs.smudge=git-lfs smudge -- %f
file:C:/Program Files/Git/etc/gitconfig	filter.lfs.process=git-lfs filter-process
file:C:/Program Files/Git/etc/gitconfig	filter.lfs.required=true
file:C:/Program Files/Git/etc/gitconfig	http.sslbackend=openssl
file:C:/Program Files/Git/etc/gitconfig	http.sslcainfo=C:/Program Files/Git/mingw64/etc/ssl/certs/ca-bundle.crt
file:C:/Program Files/Git/etc/gitconfig	core.autocrlf=true
file:C:/Program Files/Git/etc/gitconfig	core.fscache=true
file:C:/Program Files/Git/etc/gitconfig	core.symlinks=false
file:C:/Program Files/Git/etc/gitconfig	pull.rebase=false
file:C:/Program Files/Git/etc/gitconfig	credential.helper=manager
file:C:/Program Files/Git/etc/gitconfig	credential.https://dev.azure.com.usehttppath=true
file:C:/Program Files/Git/etc/gitconfig	init.defaultbranch=master
file:C:/Users/RYZEN 5/.gitconfig	filter.lfs.clean=git-lfs clean -- %f
file:C:/Users/RYZEN 5/.gitconfig	filter.lfs.smudge=git-lfs smudge -- %f
file:C:/Users/RYZEN 5/.gitconfig	filter.lfs.process=git-lfs filter-process
file:C:/Users/RYZEN 5/.gitconfig	filter.lfs.required=true
file:C:/Users/RYZEN 5/.gitconfig	user.name=Billygg2
file:C:/Users/RYZEN 5/.gitconfig	user.email=billsalme@gmail.com
file:C:/Users/RYZEN 5/.gitconfig	gui.recentrepo=C:/Users/RYZEN 5/Desktop/pcpr
file:C:/Users/RYZEN 5/.gitconfig	credential.helper=
file:C:/Users/RYZEN 5/.gitconfig	credential.helper=C:/Program\ Files/Git/mingw64/bin/git-credential-manager.exe
file:.git/config	core.repositoryformatversion=0
file:.git/config	core.filemode=false
file:.git/config	core.bare=false
file:.git/config	core.logallrefupdates=true
file:.git/config	core.symlinks=false
file:.git/config	core.ignorecase=true
file:.git/config	remote.origin.url=https://github.com/Billygg2/Tendencias.git
file:.git/config	remote.origin.fetch=+refs/heads/*:refs/remotes/origin/*


------------
Diagnostic: Credential storage
Skipped: False
Success: True
Exception: None
Log:
ICredentialStore instance is of type: CredentialStore
Writing test credential... OK
Reading test credential... OK
Deleting test credential... OK

------------
Diagnostic: Microsoft authentication (AAD/MSA)
Skipped: False
Success: True
Exception: None
Log:
Broker is not enabled.
Flow type is: Auto
Gathering MSAL token cache data... OK
CacheDirectory: C:\Users\RYZEN 5\AppData\Local\.IdentityService
CacheFileName: msal.cache
CacheFilePath: C:\Users\RYZEN 5\AppData\Local\.IdentityService\msal.cache
Creating cache helper... OK
Verifying MSAL token cache persistence... OK

------------
Diagnostic: GitHub API
Skipped: False
Success: True
Exception: None
Log:
Using 'https://github.com/' as API target.
Querying '/meta' endpoint... OK

